app/build/outputs/logs/manifest-merger-debug-report.txt
-- Merging decision tree log ---
manifest
ADDED from src\main\AndroidManifest.xml:2:1-36:12
	package
		ADDED from src\main\AndroidManifest.xml:3:5-27
		INJECTED from src\main\AndroidManifest.xml
		INJECTED from src\main\AndroidManifest.xml
	android:versionName
		INJECTED from src\main\AndroidManifest.xml
		INJECTED from src\main\AndroidManifest.xml
	xmlns:android
		ADDED from src\main\AndroidManifest.xml:2:11-69
	android:versionCode
		INJECTED from src\main\AndroidManifest.xml
		INJECTED from src\main\AndroidManifest.xml
uses-permission#android.permission.INTERNET
ADDED from src\main\AndroidManifest.xml:6:5-67
	android:name
		ADDED from src\main\AndroidManifest.xml:6:22-64
uses-permission#android.permission.ACCESS_NETWORK_STATE
ADDED from src\main\AndroidManifest.xml:9:5-79
MERGED from [cn.finalteam:toolsfinal:1.1.5] AndroidManifest.xml:24:5-79
	android:name
		ADDED from src\main\AndroidManifest.xml:9:22-76
application
ADDED from src\main\AndroidManifest.xml:11:5-34:19
MERGED from [com.android.support:support-v13:23.4.0] AndroidManifest.xml:22:5-20
MERGED from [com.android.support:design:23.4.0] AndroidManifest.xml:22:5-20
MERGED from [com.android.support:appcompat-v7:23.4.0] AndroidManifest.xml:25:5-20
MERGED from [com.android.support:animated-vector-drawable:23.4.0] AndroidManifest.xml:7:5-20
MERGED from [com.android.support:support-vector-drawable:23.4.0] AndroidManifest.xml:7:5-20
MERGED from [cn.finalteam:galleryfinal:1.4.8.7] AndroidManifest.xml:18:5-34:19
MERGED from [com.android.support:support-v4:23.4.0] AndroidManifest.xml:22:5-20
MERGED from [com.android.support:support-compat:25.1.0] AndroidManifest.xml:25:5-20
	android:label
		ADDED from src\main\AndroidManifest.xml:14:9-41
	android:supportsRtl
		ADDED from src\main\AndroidManifest.xml:15:9-35
	android:allowBackup
		ADDED from src\main\AndroidManifest.xml:12:9-35
	android:icon
		ADDED from src\main\AndroidManifest.xml:13:9-43
	android:largeHeap
		ADDED from [cn.finalteam:galleryfinal:1.4.8.7] AndroidManifest.xml:20:9-33
	android:theme
		ADDED from src\main\AndroidManifest.xml:16:9-40
meta-data#BASE_URL
ADDED from src\main\AndroidManifest.xml:19:9-21:56
	android:value
		ADDED from src\main\AndroidManifest.xml:21:13-53
	android:name
		ADDED from src\main\AndroidManifest.xml:20:13-36
activity#com.gproject.android.activity.MainActivity
ADDED from src\main\AndroidManifest.xml:23:9-76
	android:name
		ADDED from src\main\AndroidManifest.xml:23:19-64
activity#com.gproject.android.activity.TabActivity
ADDED from src\main\AndroidManifest.xml:24:9-26:20
	android:name
		ADDED from src\main\AndroidManifest.xml:24:19-63
activity#com.gproject.android.activity.LoginActivity
ADDED from src\main\AndroidManifest.xml:27:9-33:20
	android:name
		ADDED from src\main\AndroidManifest.xml:27:19-65
intent-filter#android.intent.action.MAIN+android.intent.category.LAUNCHER
ADDED from src\main\AndroidManifest.xml:28:13-32:29
action#android.intent.action.MAIN
ADDED from src\main\AndroidManifest.xml:29:17-69
	android:name
		ADDED from src\main\AndroidManifest.xml:29:25-66
category#android.intent.category.LAUNCHER
ADDED from src\main\AndroidManifest.xml:31:17-77
	android:name
		ADDED from src\main\AndroidManifest.xml:31:27-74
uses-sdk
INJECTED from src\main\AndroidManifest.xml reason: use-sdk injection requested
MERGED from [com.android.support:support-v13:23.4.0] AndroidManifest.xml:20:5-44
MERGED from [com.android.support:design:23.4.0] AndroidManifest.xml:20:5-43
MERGED from [com.android.support:appcompat-v7:23.4.0] AndroidManifest.xml:21:5-23:78
MERGED from [com.android.support:animated-vector-drawable:23.4.0] AndroidManifest.xml:5:5-44
MERGED from [com.android.support:support-vector-drawable:23.4.0] AndroidManifest.xml:5:5-43
MERGED from [com.android.support:recyclerview-v7:23.4.0] AndroidManifest.xml:20:5-43
MERGED from [net.soulwolf.widget:ratiolayout:1.0.0] AndroidManifest.xml:7:5-9:41
MERGED from [cn.finalteam:galleryfinal:1.4.8.7] AndroidManifest.xml:7:5-9:41
MERGED from [cn.finalteam:toolsfinal:1.1.5] AndroidManifest.xml:7:5-9:41
MERGED from [com.android.support:support-v4:23.4.0] AndroidManifest.xml:20:5-43
MERGED from [com.jakewharton:butterknife:8.5.1] AndroidManifest.xml:5:5-43
MERGED from [com.android.support:support-compat:25.1.0] AndroidManifest.xml:21:5-23:58
	tools:overrideLibrary
		ADDED from [com.android.support:appcompat-v7:23.4.0] AndroidManifest.xml:23:9-75
	android:targetSdkVersion
		INJECTED from src\main\AndroidManifest.xml
		INJECTED from src\main\AndroidManifest.xml
	android:minSdkVersion
		INJECTED from src\main\AndroidManifest.xml
		INJECTED from src\main\AndroidManifest.xml
uses-permission#android.permission.MOUNT_UNMOUNT_FILESYSTEMS
ADDED from [cn.finalteam:galleryfinal:1.4.8.7] AndroidManifest.xml:12:5-84
MERGED from [cn.finalteam:toolsfinal:1.1.5] AndroidManifest.xml:12:5-84
	android:name
		ADDED from [cn.finalteam:galleryfinal:1.4.8.7] AndroidManifest.xml:12:22-81
uses-permission#android.permission.WRITE_EXTERNAL_STORAGE
ADDED from [cn.finalteam:galleryfinal:1.4.8.7] AndroidManifest.xml:14:5-81
MERGED from [cn.finalteam:toolsfinal:1.1.5] AndroidManifest.xml:14:5-81
	android:name
		ADDED from [cn.finalteam:galleryfinal:1.4.8.7] AndroidManifest.xml:14:22-78
uses-permission#android.permission.READ_EXTERNAL_STORAGE
ADDED from [cn.finalteam:galleryfinal:1.4.8.7] AndroidManifest.xml:16:5-80
MERGED from [cn.finalteam:toolsfinal:1.1.5] AndroidManifest.xml:16:5-80
	android:name
		ADDED from [cn.finalteam:galleryfinal:1.4.8.7] AndroidManifest.xml:16:22-77
activity#cn.finalteam.galleryfinal.PhotoSelectActivity
ADDED from [cn.finalteam:galleryfinal:1.4.8.7] AndroidManifest.xml:22:9-25:52
	android:screenOrientation
		ADDED from [cn.finalteam:galleryfinal:1.4.8.7] AndroidManifest.xml:25:13-49
	android:configChanges
		ADDED from [cn.finalteam:galleryfinal:1.4.8.7] AndroidManifest.xml:24:13-83
	android:name
		ADDED from [cn.finalteam:galleryfinal:1.4.8.7] AndroidManifest.xml:23:13-73
activity#cn.finalteam.galleryfinal.PhotoEditActivity
ADDED from [cn.finalteam:galleryfinal:1.4.8.7] AndroidManifest.xml:26:9-29:52
	android:screenOrientation
		ADDED from [cn.finalteam:galleryfinal:1.4.8.7] AndroidManifest.xml:29:13-49
	android:configChanges
		ADDED from [cn.finalteam:galleryfinal:1.4.8.7] AndroidManifest.xml:28:13-83
	android:name
		ADDED from [cn.finalteam:galleryfinal:1.4.8.7] AndroidManifest.xml:27:13-71
activity#cn.finalteam.galleryfinal.PhotoPreviewActivity
ADDED from [cn.finalteam:galleryfinal:1.4.8.7] AndroidManifest.xml:30:9-33:52
	android:screenOrientation
		ADDED from [cn.finalteam:galleryfinal:1.4.8.7] AndroidManifest.xml:33:13-49
	android:configChanges
		ADDED from [cn.finalteam:galleryfinal:1.4.8.7] AndroidManifest.xml:32:13-83
	android:name
		ADDED from [cn.finalteam:galleryfinal:1.4.8.7] AndroidManifest.xml:31:13-74
uses-permission#android.permission.READ_PHONE_STATE
ADDED from [cn.finalteam:toolsfinal:1.1.5] AndroidManifest.xml:18:5-75
	android:name
		ADDED from [cn.finalteam:toolsfinal:1.1.5] AndroidManifest.xml:18:22-72
uses-permission#android.permission.ACCESS_WIFI_STATE
ADDED from [cn.finalteam:toolsfinal:1.1.5] AndroidManifest.xml:20:5-76
	android:name
		ADDED from [cn.finalteam:toolsfinal:1.1.5] AndroidManifest.xml:20:22-73
uses-permission#android.permission.GET_TASKS
ADDED from [cn.finalteam:toolsfinal:1.1.5] AndroidManifest.xml:22:5-68
	android:name
		ADDED from [cn.finalteam:toolsfinal:1.1.5] AndroidManifest.xml:22:22-65
uses-permission#android.permission.CALL_PHONE
ADDED from [cn.finalteam:toolsfinal:1.1.5] AndroidManifest.xml:26:5-69
	android:name
		ADDED from [cn.finalteam:toolsfinal:1.1.5] AndroidManifest.xml:26:22-66